E:\DEV\REPOS\ENGINE\LIB\DEBUG\ENGINE.EXE
E:\DEV\REPOS\ENGINE\LIB\DEBUG\ENGINE.ILK
E:\DEV\REPOS\ENGINE\LIB\DEBUG\ENGINE.PDB
E:\DEV\REPOS\ENGINE\LIB\ENGINE\DEBUG\APP.OBJ
E:\Dev\repos\Engine\lib\Engine\Debug\cl.command.1.tlog
E:\Dev\repos\Engine\lib\Engine\Debug\CL.read.1.tlog
E:\Dev\repos\Engine\lib\Engine\Debug\CL.write.1.tlog
E:\DEV\REPOS\ENGINE\LIB\ENGINE\DEBUG\DIRECTX9.OBJ
E:\DEV\REPOS\ENGINE\LIB\ENGINE\DEBUG\ENGINE.EXE.EMBED.MANIFEST
E:\DEV\REPOS\ENGINE\LIB\ENGINE\DEBUG\ENGINE.EXE.EMBED.MANIFEST.RES
E:\DEV\REPOS\ENGINE\LIB\ENGINE\DEBUG\ENGINE.EXE.INTERMEDIATE.MANIFEST
E:\DEV\REPOS\ENGINE\LIB\ENGINE\DEBUG\ENGINE.OBJ
E:\Dev\repos\Engine\lib\Engine\Debug\Engine_manifest.rc
E:\Dev\repos\Engine\lib\Engine\Debug\link.1712.read.1.tlog
E:\Dev\repos\Engine\lib\Engine\Debug\link.1712.write.1.tlog
E:\Dev\repos\Engine\lib\Engine\Debug\link.1712-cvtres.read.1.tlog
E:\Dev\repos\Engine\lib\Engine\Debug\link.1712-cvtres.write.1.tlog
E:\Dev\repos\Engine\lib\Engine\Debug\link.command.1.tlog
E:\Dev\repos\Engine\lib\Engine\Debug\link.read.1.tlog
E:\Dev\repos\Engine\lib\Engine\Debug\link.write.1.tlog
E:\Dev\repos\Engine\lib\Engine\Debug\link-cvtres.read.1.tlog
E:\Dev\repos\Engine\lib\Engine\Debug\link-cvtres.write.1.tlog
E:\DEV\REPOS\ENGINE\LIB\ENGINE\DEBUG\MATRIX3.OBJ
E:\Dev\repos\Engine\lib\Engine\Debug\mt.command.1.tlog
E:\Dev\repos\Engine\lib\Engine\Debug\mt.read.1.tlog
E:\Dev\repos\Engine\lib\Engine\Debug\mt.write.1.tlog
E:\Dev\repos\Engine\lib\Engine\Debug\rc.command.1.tlog
E:\Dev\repos\Engine\lib\Engine\Debug\rc.read.1.tlog
E:\Dev\repos\Engine\lib\Engine\Debug\rc.write.1.tlog
E:\Dev\repos\Engine\lib\Engine\Debug\vc100.idb
E:\DEV\REPOS\ENGINE\LIB\ENGINE\DEBUG\VC100.PDB
E:\DEV\REPOS\ENGINE\LIB\ENGINE\DEBUG\WINDOW.OBJ
E:\DEV\REPOS\ENGINE\LIB\ENGINE\DEBUG\WINMAIN.OBJ
